24-10-18 14:25:03.676 :   task: dncnn25
  model: plain
  gpu_ids: [0]
  scale: 1
  n_channels: 1
  merge_bn: True
  merge_bn_startpoint: 400000
  path:[
    root: denoising
    pretrained_netG: None
    task: denoising\dncnn25
    log: denoising\dncnn25
    options: denoising\dncnn25\options
    models: denoising\dncnn25\models
    images: denoising\dncnn25\images
  ]
  datasets:[
    train:[
      name: train_dataset
      dataset_type: dncnn
      dataroot_H: trainsets/trainH
      dataroot_L: None
      H_size: 40
      sigma: 25
      sigma_test: 25
      dataloader_shuffle: True
      dataloader_num_workers: 8
      dataloader_batch_size: 64
      phase: train
      scale: 1
      n_channels: 1
    ]
    test:[
      name: test_dataset
      dataset_type: dncnn
      dataroot_H: testsets/bsd68
      dataroot_L: None
      sigma: 25
      sigma_test: 25
      phase: test
      scale: 1
      n_channels: 1
    ]
  ]
  netG:[
    net_type: dncnn
    in_nc: 1
    out_nc: 1
    nc: 64
    nb: 17
    gc: 32
    ng: 2
    reduction: 16
    act_mode: BR
    upsample_mode: convtranspose
    downsample_mode: strideconv
    init_type: orthogonal
    init_bn_type: uniform
    init_gain: 0.2
    scale: 1
  ]
  train:[
    G_lossfn_type: l1
    G_lossfn_weight: 1.0
    G_optimizer_type: adam
    G_optimizer_lr: 0.0001
    G_optimizer_clipgrad: None
    G_scheduler_type: MultiStepLR
    G_scheduler_milestones: [200000, 400000, 600000, 800000, 1000000, 2000000]
    G_scheduler_gamma: 0.5
    G_regularizer_orthstep: None
    G_regularizer_clipstep: None
    checkpoint_test: 5000
    checkpoint_save: 5000
    checkpoint_print: 200
    F_feature_layer: 34
    F_weights: 1.0
    F_lossfn_type: l1
    F_use_input_norm: True
    F_use_range_norm: False
    G_optimizer_betas: [0.9, 0.999]
    G_scheduler_restart_weights: 1
    G_optimizer_wd: 0
    G_optimizer_reuse: False
    G_param_strict: True
    E_param_strict: True
    E_decay: 0
  ]
  opt_path: options/train_dncnn.json
  is_train: True
  find_unused_parameters: False
  use_static_graph: False
  dist: False
  num_gpu: 1

24-10-18 14:25:03.680 : Random seed: 8350
